0 info it worked if it ends with ok
1 verbose cli [ 'C:\\Program Files\\nodejs\\node.exe',
1 verbose cli   'C:\\Program Files\\nodejs\\node_modules\\npm\\bin\\npm-cli.js',
1 verbose cli   'install',
1 verbose cli   'jamone-node',
1 verbose cli   '--save-dev' ]
2 info using npm@2.14.12
3 info using node@v4.3.2
4 verbose install initial load of C:\Users\user\Desktop\test\package.json
5 warn package.json nodejs-test-app@1.0.0 No repository field.
6 warn package.json nodejs-test-app@1.0.0 No README data
7 verbose installManyTop reading scoped package data from C:\Users\user\Desktop\test\node_modules\moment\package.json
8 verbose readDependencies loading dependencies from C:\Users\user\Desktop\test\package.json
9 silly cache add args [ 'jamone-node', null ]
10 verbose cache add spec jamone-node
11 silly cache add parsed spec Result {
11 silly cache add   raw: 'jamone-node',
11 silly cache add   scope: null,
11 silly cache add   name: 'jamone-node',
11 silly cache add   rawSpec: '',
11 silly cache add   spec: 'latest',
11 silly cache add   type: 'tag' }
12 silly addNamed jamone-node@latest
13 verbose addNamed "latest" is being treated as a dist-tag for jamone-node
14 info addNameTag [ 'jamone-node', 'latest' ]
15 silly mapToRegistry name jamone-node
16 silly mapToRegistry using default registry
17 silly mapToRegistry registry https://registry.npmjs.org/
18 silly mapToRegistry uri https://registry.npmjs.org/jamone-node
19 verbose addNameTag registry:https://registry.npmjs.org/jamone-node not in flight; fetching
20 verbose request uri https://registry.npmjs.org/jamone-node
21 verbose request no auth needed
22 info attempt registry request try #1 at 00:50:35
23 verbose request id 5c91106d5b1fd30e
24 http request GET https://registry.npmjs.org/jamone-node
25 http 404 https://registry.npmjs.org/jamone-node
26 verbose headers { 'content-type': 'application/json',
26 verbose headers   'cache-control': 'max-age=0',
26 verbose headers   'content-length': '2',
26 verbose headers   'accept-ranges': 'bytes',
26 verbose headers   date: 'Sun, 20 Mar 2016 16:50:31 GMT',
26 verbose headers   via: '1.1 varnish',
26 verbose headers   age: '0',
26 verbose headers   connection: 'keep-alive',
26 verbose headers   'x-served-by': 'cache-hkg6823-HKG',
26 verbose headers   'x-cache': 'MISS',
26 verbose headers   'x-cache-hits': '0',
26 verbose headers   'x-timer': 'S1458492630.474943,VS0,VE660' }
27 silly get cb [ 404,
27 silly get   { 'content-type': 'application/json',
27 silly get     'cache-control': 'max-age=0',
27 silly get     'content-length': '2',
27 silly get     'accept-ranges': 'bytes',
27 silly get     date: 'Sun, 20 Mar 2016 16:50:31 GMT',
27 silly get     via: '1.1 varnish',
27 silly get     age: '0',
27 silly get     connection: 'keep-alive',
27 silly get     'x-served-by': 'cache-hkg6823-HKG',
27 silly get     'x-cache': 'MISS',
27 silly get     'x-cache-hits': '0',
27 silly get     'x-timer': 'S1458492630.474943,VS0,VE660' } ]
28 verbose stack Error: Registry returned 404 for GET on https://registry.npmjs.org/jamone-node
28 verbose stack     at makeError (C:\Program Files\nodejs\node_modules\npm\node_modules\npm-registry-client\lib\request.js:264:12)
28 verbose stack     at CachingRegistryClient.<anonymous> (C:\Program Files\nodejs\node_modules\npm\node_modules\npm-registry-client\lib\request.js:242:14)
28 verbose stack     at Request._callback (C:\Program Files\nodejs\node_modules\npm\node_modules\npm-registry-client\lib\request.js:172:14)
28 verbose stack     at Request.self.callback (C:\Program Files\nodejs\node_modules\npm\node_modules\request\request.js:198:22)
28 verbose stack     at emitTwo (events.js:87:13)
28 verbose stack     at Request.emit (events.js:172:7)
28 verbose stack     at Request.<anonymous> (C:\Program Files\nodejs\node_modules\npm\node_modules\request\request.js:1082:10)
28 verbose stack     at emitOne (events.js:82:20)
28 verbose stack     at Request.emit (events.js:169:7)
28 verbose stack     at IncomingMessage.<anonymous> (C:\Program Files\nodejs\node_modules\npm\node_modules\request\request.js:1009:12)
29 verbose statusCode 404
30 verbose pkgid jamone-node
31 verbose cwd C:\Users\user\Desktop\test
32 error Windows_NT 10.0.10586
33 error argv "C:\\Program Files\\nodejs\\node.exe" "C:\\Program Files\\nodejs\\node_modules\\npm\\bin\\npm-cli.js" "install" "jamone-node" "--save-dev"
34 error node v4.3.2
35 error npm  v2.14.12
36 error code E404
37 error 404 Registry returned 404 for GET on https://registry.npmjs.org/jamone-node
37 error 404
37 error 404 'jamone-node' is not in the npm registry.
37 error 404 You should bug the author to publish it (or use the name yourself!)
37 error 404 It was specified as a dependency of 'nodejs-test-app'
37 error 404
37 error 404 Note that you can also install from a
37 error 404 tarball, folder, http url, or git url.
38 verbose exit [ 1, true ]
